<?xml version="1.0" encoding="UTF-8"?><testsuite errors="0" failures="0" name="User apps" skipped="0" tests="8" time="171.07" timestamp="2017-09-262 04:36:17"><testcase name="(Pantheon|Add new App) Add new App negative [2.1.15 Add New App - The required field is empty]"/><testcase name="(Pantheon|Add new App) [2.1.5 Add new App with values positive]"/><testcase name="(Pantheon|Edit App) Edit app with empty required fields negative"/><testcase name="(Pantheon|Edit App) Edit app positive [2.1.8 Edit application]"/><testcase name="(Pantheon|Delete App) Delete App positive [2.1.9 Delete application]"/></testsuite>