<?xml version="1.0" encoding="UTF-8"?><testsuite errors="0" failures="0" name="Partners  nexus" skipped="0" tests="4" time="39.33" timestamp="2017-09-262 04:41:11"><testcase name="(/partners/certified-partners/nexus/) Verification for general page's elements"/><testcase name="(/partners/certified-partners/nexus/) Verification of successfull message sending when paid"/><testcase name="(/partners/certified-partners/nexus/) Verification of successfull message sending when free"/><testcase name="(/partners/certified-partners/nexus/) Verification of allowed symbols in description"/></testsuite>