<?xml version="1.0" encoding="UTF-8"?><testsuite errors="0" failures="1" name="PD  getting started" skipped="0" tests="2" time="106.73" timestamp="2017-09-262 04:46:05"><testcase name="(/products-and-docs/apis/getting-started/) TKMDPA-874 Commerce API links in Available Resources table"><failure message="expected:&lt;...cs/apis/commerce/v2/[]&gt; but was:&lt;...cs/apis/commerce/v2/[#event-offers-0-v2]&gt;" type="org.junit.ComparisonFailure">expected:&lt;...cs/apis/commerce/v2/[]&gt; but was:&lt;...cs/apis/commerce/v2/[#event-offers-0-v2]&gt;</failure><system-err>expected:&lt;...cs/apis/commerce/v2/[]&gt; but was:&lt;...cs/apis/commerce/v2/[#event-offers-0-v2]&gt;
com.tkmdpa.taf.steps.products_and_docs.PD_GettingStartedSteps.compareCommerceAPIMethodsToSameGettingStartedMethodsList(PD_GettingStartedSteps.java:56)
com.tkmdpa.taf.definitions.products_and_docs.PD_GettingStartedDefinition.compareCommerceAPIMethodsToSameGettingStartedMethodsList(PD_GettingStartedDefinition.java:46)
</system-err></testcase><testcase name="(/products-and-docs/apis/getting-started/) Verification for general page's elements"/></testsuite>