<?xml version="1.0" encoding="UTF-8"?><testsuite errors="1" failures="0" name="Countdown widget" skipped="0" tests="17" time="109.6" timestamp="2017-09-262 04:58:52"><testcase name="(/products-and-docs/widgets/countdown/) [3.3.1 Countdown widget layout]"/><testcase name="(/products-and-docs/widgets/countdown/) [3.3.2 Countdown widget "/><testcase name="(/products-and-docs/widgets/countdown/) TECHNICAL TAB - Verification of default embed code"/><testcase name="(/products-and-docs/widgets/countdown/) TECHNICAL TAB - Check that embed code functionality works properly"/><testcase name="(/products-and-docs/widgets/countdown/) TECHNICAL TAB - Check RESET button functionality"/><testcase name="(/products-and-docs/widgets/countdown/) TECHNICAL TAB - Check RESET button functionality on Embedded Code Pop-up window"/><testcase name="(/products-and-docs/widgets/countdown/) TECHNICAL TAB - Get new EventId"/><testcase name="(/products-and-docs/widgets/countdown/) TECHNICAL TAB - Check links"/><testcase name="(/products-and-docs/widgets/countdown/) VISUAL TAB - Check Full-width mode"/><testcase name="(/products-and-docs/widgets/countdown/) [3.3.4 Countdown widget "/><testcase name="(/products-and-docs/widgets/countdown/) VISUAL TAB - Check Layout Orientations"/><testcase name="(/products-and-docs/widgets/countdown/) Event message - Check event message for invalid API Key"/><testcase name="(/products-and-docs/widgets/countdown/) Event message - Check event message for invalid Event ID"><error message="Timed out after 10 seconds waiting for CountdownWidgetImpl.eventMessage to be displayed&#10;Build info: version: '2.53.1', revision: 'a36b8b1cd5757287168e54b817830adce9b0158d', time: '2016-06-30 19:26:09'&#10;System info: host: 'testing-gce-2b2f6572-d02c-4b61-b24f-831436bf1b95', ip: '127.0.1.1', os.name: 'Linux', os.arch: 'amd64', os.version: '4.4.0-93-generic', java.version: '1.8.0_144'&#10;Driver info: driver.version: unknown&#10;For documentation on this error, please visit: http://seleniumhq.org/exceptions/no_such_element.html&#10;Build info: version: '2.53.1', revision: 'a36b8b1cd5757287168e54b817830adce9b0158d', time: '2016-06-30 19:26:09'&#10;System info: host: 'testing-gce-2b2f6572-d02c-4b61-b24f-831436bf1b95', ip: '127.0.1.1', os.name: 'Linux', os.arch: 'amd64', os.version: '4.4.0-93-generic', java.version: '1.8.0_144'&#10;Driver info: driver.version: unknown" type="org.openqa.selenium.NoSuchElementException">Timed out after 10 seconds waiting for CountdownWidgetImpl.eventMessage to be displayed
Build info: version: '2.53.1', revision: 'a36b8b1cd5757287168e54b817830adce9b0158d', time: '2016-06-30 19:26:09'
System info: host: 'testing-gce-2b2f6572-d02c-4b61-b24f-831436bf1b95', ip: '127.0.1.1', os.name: 'Linux', os.arch: 'amd64', os.version: '4.4.0-93-generic', java.version: '1.8.0_144'
Driver info: driver.version: unknown
For documentation on this error, please visit: http://seleniumhq.org/exceptions/no_such_element.html
Build info: version: '2.53.1', revision: 'a36b8b1cd5757287168e54b817830adce9b0158d', time: '2016-06-30 19:26:09'
System info: host: 'testing-gce-2b2f6572-d02c-4b61-b24f-831436bf1b95', ip: '127.0.1.1', os.name: 'Linux', os.arch: 'amd64', os.version: '4.4.0-93-generic', java.version: '1.8.0_144'
Driver info: driver.version: unknown</error><system-err>Timed out after 10 seconds waiting for CountdownWidgetImpl.eventMessage to be displayed
Build info: version: '2.53.1', revision: 'a36b8b1cd5757287168e54b817830adce9b0158d', time: '2016-06-30 19:26:09'
System info: host: 'testing-gce-2b2f6572-d02c-4b61-b24f-831436bf1b95', ip: '127.0.1.1', os.name: 'Linux', os.arch: 'amd64', os.version: '4.4.0-93-generic', java.version: '1.8.0_144'
Driver info: driver.version: unknown
For documentation on this error, please visit: http://seleniumhq.org/exceptions/no_such_element.html
Build info: version: '2.53.1', revision: 'a36b8b1cd5757287168e54b817830adce9b0158d', time: '2016-06-30 19:26:09'
System info: host: 'testing-gce-2b2f6572-d02c-4b61-b24f-831436bf1b95', ip: '127.0.1.1', os.name: 'Linux', os.arch: 'amd64', os.version: '4.4.0-93-generic', java.version: '1.8.0_144'
Driver info: driver.version: unknown
com.tkmdpa.taf.widgets.CountdownWidgetImpl.isEventMessageContains(CountdownWidgetImpl.java:226)
com.tkmdpa.taf.steps.products_and_docs.PD_Widget_CountdownSteps.checkThatEventMessageIsShown(PD_Widget_CountdownSteps.java:217)
com.tkmdpa.taf.definitions.widgets.CountdownWidgetDefinition.checkThatEventMessageIsShown(CountdownWidgetDefinition.java:185)
</system-err></testcase></testsuite>