<?xml version="1.0" encoding="UTF-8"?><testsuite errors="0" failures="1" name="Event discovery widget" skipped="0" tests="21" time="209.52" timestamp="2017-09-262 05:00:42"><testcase name="(/products-and-docs/widgets/event-discovery/) TECHNICAL TAB - Check that required fields are not empty and have default values"/><testcase name="(/products-and-docs/widgets/event-discovery/) TECHNICAL TAB - Check that embed code functionality works properly"/><testcase name="(/products-and-docs/widgets/event-discovery/) TECHNICAL TAB - Check that KEYWORD field functionality works properly"/><testcase name="(/products-and-docs/widgets/event-discovery/) TECHNICAL TAB - Check that EVENT COUNT works properly"/><testcase name="(/products-and-docs/widgets/event-discovery/) TECHNICAL TAB - Check boundary values of EVENT COUNT"/><testcase name="(/products-and-docs/widgets/event-discovery/) TECHNICAL TAB - Check boundary values of RADIUS"/><testcase name="(/products-and-docs/widgets/event-discovery/) TECHNICAL TAB - Check that RESET button works properly"><failure message="The Country Code actual result does not equals expected result expected:&lt;United States Of America&gt; but was:&lt;null&gt;" type="java.lang.AssertionError">The Country Code actual result does not equals expected result expected:&lt;United States Of America&gt; but was:&lt;null&gt;</failure><system-err>The Country Code actual result does not equals expected result expected:&lt;United States Of America&gt; but was:&lt;null&gt;
com.tkmdpa.taf.steps.products_and_docs.PD_Widget_EventDiscoverySteps.checkThatAllFieldsHaveBeenResetToDefaults(PD_Widget_EventDiscoverySteps.java:101)
com.tkmdpa.taf.definitions.widgets.EventDiscoveryWidgetDefinition.checkThatAllFieldsHaveBeenResetedToDefaults(EventDiscoveryWidgetDefinition.java:86)
</system-err></testcase><testcase name="(/products-and-docs/widgets/event-discovery/) TECHNICAL TAB - Check links"/><testcase name="(/products-and-docs/widgets/event-discovery/) VISUAL TAB - Check Layout Resolutions"/><testcase name="(/products-and-docs/widgets/event-discovery/) VISUAL TAB - Check Layout Orientations"/><testcase name="(/products-and-docs/widgets/event-discovery/) Event message - Check event message for invalid Keyword"/></testsuite>